# JRE version: OpenJDK Runtime Environment (8.0_202-b03) (build 1.8.0_202-release-1483-b03)
# Java VM: OpenJDK 64-Bit Server VM (25.202-b03 mixed mode windows-amd64 compressed oops)
Heap:
 PSYoungGen      total 318976K, used 60391K [0x00000000e0000000, 0x00000000f6000000, 0x0000000100000000)
  eden space 284160K, 15% used [0x00000000e0000000,0x00000000e2af11e0,0x00000000f1580000)
  from space 34816K, 47% used [0x00000000f1580000,0x00000000f2588ac0,0x00000000f3780000)
  to   space 26624K, 0% used [0x00000000f3780000,0x00000000f3780000,0x00000000f5180000)
 ParOldGen       total 98304K, used 73078K [0x00000000a0000000, 0x00000000a6000000, 0x00000000e0000000)
  object space 98304K, 74% used [0x00000000a0000000,0x00000000a475d930,0x00000000a6000000)
 Metaspace       used 77326K, capacity 80940K, committed 81176K, reserved 1120256K
  class space    used 10260K, capacity 10961K, committed 11032K, reserved 1048576K
GC Heap History (10 events):
Event: 13.574 GC heap before
{Heap before GC invocations=12 (full 2):
 PSYoungGen      total 208896K, used 117817K [0x00000000e0000000, 0x00000000f1700000, 0x0000000100000000)
  eden space 194560K, 53% used [0x00000000e0000000,0x00000000e650fe98,0x00000000ebe00000)
  from space 14336K, 99% used [0x00000000ebe00000,0x00000000ecbfe790,0x00000000ecc00000)
  to   space 19968K, 0% used [0x00000000f0380000,0x00000000f0380000,0x00000000f1700000)
 ParOldGen       total 63488K, used 26674K [0x00000000a0000000, 0x00000000a3e00000, 0x00000000e0000000)
  object space 63488K, 42% used [0x00000000a0000000,0x00000000a1a0c9d0,0x00000000a3e00000)
 Metaspace       used 57479K, capacity 59084K, committed 59160K, reserved 1099776K
  class space    used 7769K, capacity 8143K, committed 8216K, reserved 1048576K
Event: 13.618 GC heap after
Heap after GC invocations=12 (full 2):
 PSYoungGen      total 262144K, used 19967K [0x00000000e0000000, 0x00000000f1e00000, 0x0000000100000000)
  eden space 242176K, 0% used [0x00000000e0000000,0x00000000e0000000,0x00000000eec80000)
  from space 19968K, 99% used [0x00000000f0380000,0x00000000f16fffa0,0x00000000f1700000)
  to   space 23552K, 0% used [0x00000000eec80000,0x00000000eec80000,0x00000000f0380000)
 ParOldGen       total 63488K, used 28723K [0x00000000a0000000, 0x00000000a3e00000, 0x00000000e0000000)
  object space 63488K, 45% used [0x00000000a0000000,0x00000000a1c0cd20,0x00000000a3e00000)
 Metaspace       used 57479K, capacity 59084K, committed 59160K, reserved 1099776K
  class space    used 7769K, capacity 8143K, committed 8216K, reserved 1048576K
}
Event: 13.618 GC heap before
{Heap before GC invocations=13 (full 3):
 PSYoungGen      total 262144K, used 19967K [0x00000000e0000000, 0x00000000f1e00000, 0x0000000100000000)
  eden space 242176K, 0% used [0x00000000e0000000,0x00000000e0000000,0x00000000eec80000)
  from space 19968K, 99% used [0x00000000f0380000,0x00000000f16fffa0,0x00000000f1700000)
  to   space 23552K, 0% used [0x00000000eec80000,0x00000000eec80000,0x00000000f0380000)
 ParOldGen       total 63488K, used 28723K [0x00000000a0000000, 0x00000000a3e00000, 0x00000000e0000000)
  object space 63488K, 45% used [0x00000000a0000000,0x00000000a1c0cd20,0x00000000a3e00000)
 Metaspace       used 57479K, capacity 59084K, committed 59160K, reserved 1099776K
  class space    used 7769K, capacity 8143K, committed 8216K, reserved 1048576K
Event: 13.949 GC heap after
Heap after GC invocations=13 (full 3):
 PSYoungGen      total 262144K, used 0K [0x00000000e0000000, 0x00000000f1e00000, 0x0000000100000000)
  eden space 242176K, 0% used [0x00000000e0000000,0x00000000e0000000,0x00000000eec80000)
  from space 19968K, 0% used [0x00000000f0380000,0x00000000f0380000,0x00000000f1700000)
  to   space 23552K, 0% used [0x00000000eec80000,0x00000000eec80000,0x00000000f0380000)
 ParOldGen       total 98304K, used 36507K [0x00000000a0000000, 0x00000000a6000000, 0x00000000e0000000)
  object space 98304K, 37% used [0x00000000a0000000,0x00000000a23a6d20,0x00000000a6000000)
 Metaspace       used 57469K, capacity 59048K, committed 59160K, reserved 1099776K
  class space    used 7765K, capacity 8137K, committed 8216K, reserved 1048576K
}
Event: 18.788 GC heap before
{Heap before GC invocations=14 (full 3):
 PSYoungGen      total 262144K, used 242176K [0x00000000e0000000, 0x00000000f1e00000, 0x0000000100000000)
  eden space 242176K, 100% used [0x00000000e0000000,0x00000000eec80000,0x00000000eec80000)
  from space 19968K, 0% used [0x00000000f0380000,0x00000000f0380000,0x00000000f1700000)
  to   space 23552K, 0% used [0x00000000eec80000,0x00000000eec80000,0x00000000f0380000)
 ParOldGen       total 98304K, used 36507K [0x00000000a0000000, 0x00000000a6000000, 0x00000000e0000000)
  object space 98304K, 37% used [0x00000000a0000000,0x00000000a23a6d20,0x00000000a6000000)
 Metaspace       used 62318K, capacity 64420K, committed 64536K, reserved 1105920K
  class space    used 8436K, capacity 8942K, committed 8984K, reserved 1048576K
Event: 18.853 GC heap after
Heap after GC invocations=14 (full 3):
 PSYoungGen      total 265728K, used 21838K [0x00000000e0000000, 0x00000000f5180000, 0x0000000100000000)
  eden space 242176K, 0% used [0x00000000e0000000,0x00000000e0000000,0x00000000eec80000)
  from space 23552K, 92% used [0x00000000eec80000,0x00000000f01d3940,0x00000000f0380000)
  to   space 26624K, 0% used [0x00000000f3780000,0x00000000f3780000,0x00000000f5180000)
 ParOldGen       total 98304K, used 36515K [0x00000000a0000000, 0x00000000a6000000, 0x00000000e0000000)
  object space 98304K, 37% used [0x00000000a0000000,0x00000000a23a8d20,0x00000000a6000000)
 Metaspace       used 62318K, capacity 64420K, committed 64536K, reserved 1105920K
  class space    used 8436K, capacity 8942K, committed 8984K, reserved 1048576K
}
Event: 24.049 GC heap before
{Heap before GC invocations=15 (full 3):
 PSYoungGen      total 265728K, used 264014K [0x00000000e0000000, 0x00000000f5180000, 0x0000000100000000)
  eden space 242176K, 100% used [0x00000000e0000000,0x00000000eec80000,0x00000000eec80000)
  from space 23552K, 92% used [0x00000000eec80000,0x00000000f01d3940,0x00000000f0380000)
  to   space 26624K, 0% used [0x00000000f3780000,0x00000000f3780000,0x00000000f5180000)
 ParOldGen       total 98304K, used 36515K [0x00000000a0000000, 0x00000000a6000000, 0x00000000e0000000)
  object space 98304K, 37% used [0x00000000a0000000,0x00000000a23a8d20,0x00000000a6000000)
 Metaspace       used 70644K, capacity 73762K, committed 74008K, reserved 1114112K
  class space    used 9558K, capacity 10176K, committed 10264K, reserved 1048576K
Event: 24.130 GC heap after
Heap after GC invocations=15 (full 3):
 PSYoungGen      total 310784K, used 26611K [0x00000000e0000000, 0x00000000f6000000, 0x0000000100000000)
  eden space 284160K, 0% used [0x00000000e0000000,0x00000000e0000000,0x00000000f1580000)
  from space 26624K, 99% used [0x00000000f3780000,0x00000000f517ce90,0x00000000f5180000)
  to   space 34816K, 0% used [0x00000000f1580000,0x00000000f1580000,0x00000000f3780000)
 ParOldGen       total 98304K, used 46563K [0x00000000a0000000, 0x00000000a6000000, 0x00000000e0000000)
  object space 98304K, 47% used [0x00000000a0000000,0x00000000a2d78cc8,0x00000000a6000000)
 Metaspace       used 70644K, capacity 73762K, committed 74008K, reserved 1114112K
  class space    used 9558K, capacity 10176K, committed 10264K, reserved 1048576K
}
Event: 116.251 GC heap before
{Heap before GC invocations=16 (full 3):
 PSYoungGen      total 310784K, used 310771K [0x00000000e0000000, 0x00000000f6000000, 0x0000000100000000)
  eden space 284160K, 100% used [0x00000000e0000000,0x00000000f1580000,0x00000000f1580000)
  from space 26624K, 99% used [0x00000000f3780000,0x00000000f517ce90,0x00000000f5180000)
  to   space 34816K, 0% used [0x00000000f1580000,0x00000000f1580000,0x00000000f3780000)
 ParOldGen       total 98304K, used 46563K [0x00000000a0000000, 0x00000000a6000000, 0x00000000e0000000)
  object space 98304K, 47% used [0x00000000a0000000,0x00000000a2d78cc8,0x00000000a6000000)
 Metaspace       used 77005K, capacity 80550K, committed 80664K, reserved 1118208K
  class space    used 10229K, capacity 10928K, committed 11032K, reserved 1048576K
Event: 116.674 GC heap after
Heap after GC invocations=16 (full 3):
 PSYoungGen      total 318976K, used 16418K [0x00000000e0000000, 0x00000000f6000000, 0x0000000100000000)
  eden space 284160K, 0% used [0x00000000e0000000,0x00000000e0000000,0x00000000f1580000)
  from space 34816K, 47% used [0x00000000f1580000,0x00000000f2588ac0,0x00000000f3780000)
  to   space 26624K, 0% used [0x00000000f3780000,0x00000000f3780000,0x00000000f5180000)
 ParOldGen       total 98304K, used 73078K [0x00000000a0000000, 0x00000000a6000000, 0x00000000e0000000)
  object space 98304K, 74% used [0x00000000a0000000,0x00000000a475d930,0x00000000a6000000)
 Metaspace       used 77005K, capacity 80550K, committed 80664K, reserved 1118208K
  class space    used 10229K, capacity 10928K, committed 11032K, reserved 1048576K
}

