# JRE version: OpenJDK Runtime Environment (8.0_202-b03) (build 1.8.0_202-release-1483-b03)
# Java VM: OpenJDK 64-Bit Server VM (25.202-b03 mixed mode windows-amd64 compressed oops)
Heap:
 PSYoungGen      total 262656K, used 196489K [0x00000000e0000000, 0x00000000f3c80000, 0x0000000100000000)
  eden space 235520K, 73% used [0x00000000e0000000,0x00000000ea9ab718,0x00000000ee600000)
  from space 27136K, 83% used [0x00000000ee600000,0x00000000efc37020,0x00000000f0080000)
  to   space 30208K, 0% used [0x00000000f1f00000,0x00000000f1f00000,0x00000000f3c80000)
 ParOldGen       total 92672K, used 62020K [0x00000000a0000000, 0x00000000a5a80000, 0x00000000e0000000)
  object space 92672K, 66% used [0x00000000a0000000,0x00000000a3c910f8,0x00000000a5a80000)
 Metaspace       used 82448K, capacity 86218K, committed 86296K, reserved 1124352K
  class space    used 10993K, capacity 11726K, committed 11800K, reserved 1048576K
GC Heap History (10 events):
Event: 12.130 GC heap before
{Heap before GC invocations=16 (full 3):
 PSYoungGen      total 174080K, used 3838K [0x00000000e0000000, 0x00000000eee00000, 0x0000000100000000)
  eden space 153600K, 0% used [0x00000000e0000000,0x00000000e0000000,0x00000000e9600000)
  from space 20480K, 18% used [0x00000000e9600000,0x00000000e99bfbb8,0x00000000eaa00000)
  to   space 20480K, 0% used [0x00000000eda00000,0x00000000eda00000,0x00000000eee00000)
 ParOldGen       total 57344K, used 39707K [0x00000000a0000000, 0x00000000a3800000, 0x00000000e0000000)
  object space 57344K, 69% used [0x00000000a0000000,0x00000000a26c6ef0,0x00000000a3800000)
 Metaspace       used 57433K, capacity 59058K, committed 59160K, reserved 1099776K
  class space    used 7759K, capacity 8140K, committed 8216K, reserved 1048576K
Event: 12.605 GC heap after
Heap after GC invocations=16 (full 3):
 PSYoungGen      total 174080K, used 0K [0x00000000e0000000, 0x00000000eee00000, 0x0000000100000000)
  eden space 153600K, 0% used [0x00000000e0000000,0x00000000e0000000,0x00000000e9600000)
  from space 20480K, 0% used [0x00000000e9600000,0x00000000e9600000,0x00000000eaa00000)
  to   space 20480K, 0% used [0x00000000eda00000,0x00000000eda00000,0x00000000eee00000)
 ParOldGen       total 92672K, used 32763K [0x00000000a0000000, 0x00000000a5a80000, 0x00000000e0000000)
  object space 92672K, 35% used [0x00000000a0000000,0x00000000a1ffefb8,0x00000000a5a80000)
 Metaspace       used 57424K, capacity 59028K, committed 59160K, reserved 1099776K
  class space    used 7756K, capacity 8135K, committed 8216K, reserved 1048576K
}
Event: 15.325 GC heap before
{Heap before GC invocations=17 (full 3):
 PSYoungGen      total 174080K, used 153600K [0x00000000e0000000, 0x00000000eee00000, 0x0000000100000000)
  eden space 153600K, 100% used [0x00000000e0000000,0x00000000e9600000,0x00000000e9600000)
  from space 20480K, 0% used [0x00000000e9600000,0x00000000e9600000,0x00000000eaa00000)
  to   space 20480K, 0% used [0x00000000eda00000,0x00000000eda00000,0x00000000eee00000)
 ParOldGen       total 92672K, used 32763K [0x00000000a0000000, 0x00000000a5a80000, 0x00000000e0000000)
  object space 92672K, 35% used [0x00000000a0000000,0x00000000a1ffefb8,0x00000000a5a80000)
 Metaspace       used 60616K, capacity 62644K, committed 62744K, reserved 1103872K
  class space    used 8229K, capacity 8722K, committed 8728K, reserved 1048576K
Event: 15.397 GC heap after
Heap after GC invocations=17 (full 3):
 PSYoungGen      total 205312K, used 14393K [0x00000000e0000000, 0x00000000ee880000, 0x0000000100000000)
  eden space 190464K, 0% used [0x00000000e0000000,0x00000000e0000000,0x00000000eba00000)
  from space 14848K, 96% used [0x00000000eda00000,0x00000000ee80e7d0,0x00000000ee880000)
  to   space 21504K, 0% used [0x00000000ebe80000,0x00000000ebe80000,0x00000000ed380000)
 ParOldGen       total 92672K, used 32771K [0x00000000a0000000, 0x00000000a5a80000, 0x00000000e0000000)
  object space 92672K, 35% used [0x00000000a0000000,0x00000000a2000fb8,0x00000000a5a80000)
 Metaspace       used 60616K, capacity 62644K, committed 62744K, reserved 1103872K
  class space    used 8229K, capacity 8722K, committed 8728K, reserved 1048576K
}
Event: 19.282 GC heap before
{Heap before GC invocations=18 (full 3):
 PSYoungGen      total 205312K, used 204857K [0x00000000e0000000, 0x00000000ee880000, 0x0000000100000000)
  eden space 190464K, 100% used [0x00000000e0000000,0x00000000eba00000,0x00000000eba00000)
  from space 14848K, 96% used [0x00000000eda00000,0x00000000ee80e7d0,0x00000000ee880000)
  to   space 21504K, 0% used [0x00000000ebe80000,0x00000000ebe80000,0x00000000ed380000)
 ParOldGen       total 92672K, used 32771K [0x00000000a0000000, 0x00000000a5a80000, 0x00000000e0000000)
  object space 92672K, 35% used [0x00000000a0000000,0x00000000a2000fb8,0x00000000a5a80000)
 Metaspace       used 66985K, capacity 69262K, committed 69400K, reserved 1110016K
  class space    used 9120K, capacity 9643K, committed 9752K, reserved 1048576K
Event: 19.389 GC heap after
Heap after GC invocations=18 (full 3):
 PSYoungGen      total 216576K, used 21483K [0x00000000e0000000, 0x00000000f1b80000, 0x0000000100000000)
  eden space 195072K, 0% used [0x00000000e0000000,0x00000000e0000000,0x00000000ebe80000)
  from space 21504K, 99% used [0x00000000ebe80000,0x00000000ed37ad80,0x00000000ed380000)
  to   space 27648K, 0% used [0x00000000f0080000,0x00000000f0080000,0x00000000f1b80000)
 ParOldGen       total 92672K, used 40705K [0x00000000a0000000, 0x00000000a5a80000, 0x00000000e0000000)
  object space 92672K, 43% used [0x00000000a0000000,0x00000000a27c0438,0x00000000a5a80000)
 Metaspace       used 66985K, capacity 69262K, committed 69400K, reserved 1110016K
  class space    used 9120K, capacity 9643K, committed 9752K, reserved 1048576K
}
Event: 39.121 GC heap before
{Heap before GC invocations=19 (full 3):
 PSYoungGen      total 216576K, used 216555K [0x00000000e0000000, 0x00000000f1b80000, 0x0000000100000000)
  eden space 195072K, 100% used [0x00000000e0000000,0x00000000ebe80000,0x00000000ebe80000)
  from space 21504K, 99% used [0x00000000ebe80000,0x00000000ed37ad80,0x00000000ed380000)
  to   space 27648K, 0% used [0x00000000f0080000,0x00000000f0080000,0x00000000f1b80000)
 ParOldGen       total 92672K, used 40705K [0x00000000a0000000, 0x00000000a5a80000, 0x00000000e0000000)
  object space 92672K, 43% used [0x00000000a0000000,0x00000000a27c0438,0x00000000a5a80000)
 Metaspace       used 73410K, capacity 76550K, committed 76696K, reserved 1116160K
  class space    used 9725K, capacity 10334K, committed 10392K, reserved 1048576K
Event: 39.308 GC heap after
Heap after GC invocations=19 (full 3):
 PSYoungGen      total 262656K, used 14256K [0x00000000e0000000, 0x00000000f1b00000, 0x0000000100000000)
  eden space 235520K, 0% used [0x00000000e0000000,0x00000000e0000000,0x00000000ee600000)
  from space 27136K, 52% used [0x00000000f0080000,0x00000000f0e6c128,0x00000000f1b00000)
  to   space 27136K, 0% used [0x00000000ee600000,0x00000000ee600000,0x00000000f0080000)
 ParOldGen       total 92672K, used 62012K [0x00000000a0000000, 0x00000000a5a80000, 0x00000000e0000000)
  object space 92672K, 66% used [0x00000000a0000000,0x00000000a3c8f0f8,0x00000000a5a80000)
 Metaspace       used 73410K, capacity 76550K, committed 76696K, reserved 1116160K
  class space    used 9725K, capacity 10334K, committed 10392K, reserved 1048576K
}
Event: 65.857 GC heap before
{Heap before GC invocations=20 (full 3):
 PSYoungGen      total 262656K, used 249776K [0x00000000e0000000, 0x00000000f1b00000, 0x0000000100000000)
  eden space 235520K, 100% used [0x00000000e0000000,0x00000000ee600000,0x00000000ee600000)
  from space 27136K, 52% used [0x00000000f0080000,0x00000000f0e6c128,0x00000000f1b00000)
  to   space 27136K, 0% used [0x00000000ee600000,0x00000000ee600000,0x00000000f0080000)
 ParOldGen       total 92672K, used 62012K [0x00000000a0000000, 0x00000000a5a80000, 0x00000000e0000000)
  object space 92672K, 66% used [0x00000000a0000000,0x00000000a3c8f0f8,0x00000000a5a80000)
 Metaspace       used 76443K, capacity 79870K, committed 80024K, reserved 1118208K
  class space    used 10132K, capacity 10804K, committed 10904K, reserved 1048576K
Event: 66.004 GC heap after
Heap after GC invocations=20 (full 3):
 PSYoungGen      total 262656K, used 22748K [0x00000000e0000000, 0x00000000f3c80000, 0x0000000100000000)
  eden space 235520K, 0% used [0x00000000e0000000,0x00000000e0000000,0x00000000ee600000)
  from space 27136K, 83% used [0x00000000ee600000,0x00000000efc37020,0x00000000f0080000)
  to   space 30208K, 0% used [0x00000000f1f00000,0x00000000f1f00000,0x00000000f3c80000)
 ParOldGen       total 92672K, used 62020K [0x00000000a0000000, 0x00000000a5a80000, 0x00000000e0000000)
  object space 92672K, 66% used [0x00000000a0000000,0x00000000a3c910f8,0x00000000a5a80000)
 Metaspace       used 76443K, capacity 79870K, committed 80024K, reserved 1118208K
  class space    used 10132K, capacity 10804K, committed 10904K, reserved 1048576K
}

