# JRE version: OpenJDK Runtime Environment (8.0_202-b03) (build 1.8.0_202-release-1483-b03)
# Java VM: OpenJDK 64-Bit Server VM (25.202-b03 mixed mode windows-amd64 compressed oops)
Heap:
 PSYoungGen      total 270848K, used 134624K [0x00000000e0000000, 0x00000000f2380000, 0x0000000100000000)
  eden space 243200K, 50% used [0x00000000e0000000,0x00000000e76e8318,0x00000000eed80000)
  from space 27648K, 46% used [0x00000000f0800000,0x00000000f148fd30,0x00000000f2300000)
  to   space 27136K, 0% used [0x00000000eed80000,0x00000000eed80000,0x00000000f0800000)
 ParOldGen       total 93696K, used 62758K [0x00000000a0000000, 0x00000000a5b80000, 0x00000000e0000000)
  object space 93696K, 66% used [0x00000000a0000000,0x00000000a3d498c8,0x00000000a5b80000)
 Metaspace       used 74828K, capacity 78132K, committed 78232K, reserved 1116160K
  class space    used 9904K, capacity 10557K, committed 10648K, reserved 1048576K
GC Heap History (10 events):
Event: 16.227 GC heap before
{Heap before GC invocations=15 (full 2):
 PSYoungGen      total 170496K, used 60745K [0x00000000e0000000, 0x00000000ec080000, 0x0000000100000000)
  eden space 154624K, 29% used [0x00000000e0000000,0x00000000e2bd6538,0x00000000e9700000)
  from space 15872K, 99% used [0x00000000eab00000,0x00000000eba7bfe0,0x00000000eba80000)
  to   space 20480K, 0% used [0x00000000e9700000,0x00000000e9700000,0x00000000eab00000)
 ParOldGen       total 59904K, used 26189K [0x00000000a0000000, 0x00000000a3a80000, 0x00000000e0000000)
  object space 59904K, 43% used [0x00000000a0000000,0x00000000a1993790,0x00000000a3a80000)
 Metaspace       used 57462K, capacity 59086K, committed 59160K, reserved 1099776K
  class space    used 7765K, capacity 8144K, committed 8216K, reserved 1048576K
Event: 16.342 GC heap after
Heap after GC invocations=15 (full 2):
 PSYoungGen      total 175104K, used 3992K [0x00000000e0000000, 0x00000000eee80000, 0x0000000100000000)
  eden space 154624K, 0% used [0x00000000e0000000,0x00000000e0000000,0x00000000e9700000)
  from space 20480K, 19% used [0x00000000e9700000,0x00000000e9ae61f8,0x00000000eab00000)
  to   space 19968K, 0% used [0x00000000edb00000,0x00000000edb00000,0x00000000eee80000)
 ParOldGen       total 59904K, used 40416K [0x00000000a0000000, 0x00000000a3a80000, 0x00000000e0000000)
  object space 59904K, 67% used [0x00000000a0000000,0x00000000a27780e8,0x00000000a3a80000)
 Metaspace       used 57462K, capacity 59086K, committed 59160K, reserved 1099776K
  class space    used 7765K, capacity 8144K, committed 8216K, reserved 1048576K
}
Event: 16.342 GC heap before
{Heap before GC invocations=16 (full 3):
 PSYoungGen      total 175104K, used 3992K [0x00000000e0000000, 0x00000000eee80000, 0x0000000100000000)
  eden space 154624K, 0% used [0x00000000e0000000,0x00000000e0000000,0x00000000e9700000)
  from space 20480K, 19% used [0x00000000e9700000,0x00000000e9ae61f8,0x00000000eab00000)
  to   space 19968K, 0% used [0x00000000edb00000,0x00000000edb00000,0x00000000eee80000)
 ParOldGen       total 59904K, used 40416K [0x00000000a0000000, 0x00000000a3a80000, 0x00000000e0000000)
  object space 59904K, 67% used [0x00000000a0000000,0x00000000a27780e8,0x00000000a3a80000)
 Metaspace       used 57462K, capacity 59086K, committed 59160K, reserved 1099776K
  class space    used 7765K, capacity 8144K, committed 8216K, reserved 1048576K
Event: 16.758 GC heap after
Heap after GC invocations=16 (full 3):
 PSYoungGen      total 175104K, used 0K [0x00000000e0000000, 0x00000000eee80000, 0x0000000100000000)
  eden space 154624K, 0% used [0x00000000e0000000,0x00000000e0000000,0x00000000e9700000)
  from space 20480K, 0% used [0x00000000e9700000,0x00000000e9700000,0x00000000eab00000)
  to   space 19968K, 0% used [0x00000000edb00000,0x00000000edb00000,0x00000000eee80000)
 ParOldGen       total 93696K, used 32912K [0x00000000a0000000, 0x00000000a5b80000, 0x00000000e0000000)
  object space 93696K, 35% used [0x00000000a0000000,0x00000000a2024128,0x00000000a5b80000)
 Metaspace       used 57446K, capacity 59032K, committed 59160K, reserved 1099776K
  class space    used 7760K, capacity 8135K, committed 8216K, reserved 1048576K
}
Event: 19.798 GC heap before
{Heap before GC invocations=17 (full 3):
 PSYoungGen      total 175104K, used 154624K [0x00000000e0000000, 0x00000000eee80000, 0x0000000100000000)
  eden space 154624K, 100% used [0x00000000e0000000,0x00000000e9700000,0x00000000e9700000)
  from space 20480K, 0% used [0x00000000e9700000,0x00000000e9700000,0x00000000eab00000)
  to   space 19968K, 0% used [0x00000000edb00000,0x00000000edb00000,0x00000000eee80000)
 ParOldGen       total 93696K, used 32912K [0x00000000a0000000, 0x00000000a5b80000, 0x00000000e0000000)
  object space 93696K, 35% used [0x00000000a0000000,0x00000000a2024128,0x00000000a5b80000)
 Metaspace       used 60684K, capacity 62648K, committed 62744K, reserved 1103872K
  class space    used 8244K, capacity 8723K, committed 8728K, reserved 1048576K
Event: 19.848 GC heap after
Heap after GC invocations=17 (full 3):
 PSYoungGen      total 210944K, used 14422K [0x00000000e0000000, 0x00000000ee980000, 0x0000000100000000)
  eden space 196096K, 0% used [0x00000000e0000000,0x00000000e0000000,0x00000000ebf80000)
  from space 14848K, 97% used [0x00000000edb00000,0x00000000ee915888,0x00000000ee980000)
  to   space 21504K, 0% used [0x00000000ebf80000,0x00000000ebf80000,0x00000000ed480000)
 ParOldGen       total 93696K, used 32920K [0x00000000a0000000, 0x00000000a5b80000, 0x00000000e0000000)
  object space 93696K, 35% used [0x00000000a0000000,0x00000000a2026128,0x00000000a5b80000)
 Metaspace       used 60684K, capacity 62648K, committed 62744K, reserved 1103872K
  class space    used 8244K, capacity 8723K, committed 8728K, reserved 1048576K
}
Event: 23.968 GC heap before
{Heap before GC invocations=18 (full 3):
 PSYoungGen      total 210944K, used 210518K [0x00000000e0000000, 0x00000000ee980000, 0x0000000100000000)
  eden space 196096K, 100% used [0x00000000e0000000,0x00000000ebf80000,0x00000000ebf80000)
  from space 14848K, 97% used [0x00000000edb00000,0x00000000ee915888,0x00000000ee980000)
  to   space 21504K, 0% used [0x00000000ebf80000,0x00000000ebf80000,0x00000000ed480000)
 ParOldGen       total 93696K, used 32920K [0x00000000a0000000, 0x00000000a5b80000, 0x00000000e0000000)
  object space 93696K, 35% used [0x00000000a0000000,0x00000000a2026128,0x00000000a5b80000)
 Metaspace       used 67321K, capacity 69732K, committed 69912K, reserved 1110016K
  class space    used 9167K, capacity 9682K, committed 9752K, reserved 1048576K
Event: 24.012 GC heap after
Heap after GC invocations=18 (full 3):
 PSYoungGen      total 217600K, used 21493K [0x00000000e0000000, 0x00000000f2300000, 0x0000000100000000)
  eden space 196096K, 0% used [0x00000000e0000000,0x00000000e0000000,0x00000000ebf80000)
  from space 21504K, 99% used [0x00000000ebf80000,0x00000000ed47d4d0,0x00000000ed480000)
  to   space 27648K, 0% used [0x00000000f0800000,0x00000000f0800000,0x00000000f2300000)
 ParOldGen       total 93696K, used 41449K [0x00000000a0000000, 0x00000000a5b80000, 0x00000000e0000000)
  object space 93696K, 44% used [0x00000000a0000000,0x00000000a287a688,0x00000000a5b80000)
 Metaspace       used 67321K, capacity 69732K, committed 69912K, reserved 1110016K
  class space    used 9167K, capacity 9682K, committed 9752K, reserved 1048576K
}
Event: 33.682 GC heap before
{Heap before GC invocations=19 (full 3):
 PSYoungGen      total 217600K, used 217589K [0x00000000e0000000, 0x00000000f2300000, 0x0000000100000000)
  eden space 196096K, 100% used [0x00000000e0000000,0x00000000ebf80000,0x00000000ebf80000)
  from space 21504K, 99% used [0x00000000ebf80000,0x00000000ed47d4d0,0x00000000ed480000)
  to   space 27648K, 0% used [0x00000000f0800000,0x00000000f0800000,0x00000000f2300000)
 ParOldGen       total 93696K, used 41449K [0x00000000a0000000, 0x00000000a5b80000, 0x00000000e0000000)
  object space 93696K, 44% used [0x00000000a0000000,0x00000000a287a688,0x00000000a5b80000)
 Metaspace       used 73358K, capacity 76550K, committed 76696K, reserved 1116160K
  class space    used 9723K, capacity 10358K, committed 10392K, reserved 1048576K
Event: 34.046 GC heap after
Heap after GC invocations=19 (full 3):
 PSYoungGen      total 270848K, used 12863K [0x00000000e0000000, 0x00000000f2380000, 0x0000000100000000)
  eden space 243200K, 0% used [0x00000000e0000000,0x00000000e0000000,0x00000000eed80000)
  from space 27648K, 46% used [0x00000000f0800000,0x00000000f148fd30,0x00000000f2300000)
  to   space 27136K, 0% used [0x00000000eed80000,0x00000000eed80000,0x00000000f0800000)
 ParOldGen       total 93696K, used 62758K [0x00000000a0000000, 0x00000000a5b80000, 0x00000000e0000000)
  object space 93696K, 66% used [0x00000000a0000000,0x00000000a3d498c8,0x00000000a5b80000)
 Metaspace       used 73358K, capacity 76550K, committed 76696K, reserved 1116160K
  class space    used 9723K, capacity 10358K, committed 10392K, reserved 1048576K
}

