# JRE version: OpenJDK Runtime Environment (8.0_202-b03) (build 1.8.0_202-release-1483-b03)
# Java VM: OpenJDK 64-Bit Server VM (25.202-b03 mixed mode windows-amd64 compressed oops)
Heap:
 PSYoungGen      total 288256K, used 185736K [0x00000000e0000000, 0x00000000f5a80000, 0x0000000100000000)
  eden space 257024K, 60% used [0x00000000e0000000,0x00000000e96e4f38,0x00000000efb00000)
  from space 31232K, 99% used [0x00000000efb00000,0x00000000f197d1c8,0x00000000f1980000)
  to   space 36864K, 0% used [0x00000000f3680000,0x00000000f3680000,0x00000000f5a80000)
 ParOldGen       total 91648K, used 56907K [0x00000000a0000000, 0x00000000a5980000, 0x00000000e0000000)
  object space 91648K, 62% used [0x00000000a0000000,0x00000000a3792ef8,0x00000000a5980000)
 Metaspace       used 91804K, capacity 95490K, committed 95704K, reserved 1132544K
  class space    used 11956K, capacity 12685K, committed 12800K, reserved 1048576K
GC Heap History (10 events):
Event: 41.077 GC heap before
{Heap before GC invocations=18 (full 3):
 PSYoungGen      total 203776K, used 203473K [0x00000000e0000000, 0x00000000ee580000, 0x0000000100000000)
  eden space 190464K, 100% used [0x00000000e0000000,0x00000000eba00000,0x00000000eba00000)
  from space 13312K, 97% used [0x00000000ed880000,0x00000000ee534548,0x00000000ee580000)
  to   space 20992K, 0% used [0x00000000ebc80000,0x00000000ebc80000,0x00000000ed100000)
 ParOldGen       total 91648K, used 29997K [0x00000000a0000000, 0x00000000a5980000, 0x00000000e0000000)
  object space 91648K, 32% used [0x00000000a0000000,0x00000000a1d4b418,0x00000000a5980000)
 Metaspace       used 67327K, capacity 69622K, committed 69848K, reserved 1110016K
  class space    used 9156K, capacity 9649K, committed 9728K, reserved 1048576K
Event: 41.125 GC heap after
Heap after GC invocations=18 (full 3):
 PSYoungGen      total 214016K, used 20977K [0x00000000e0000000, 0x00000000f1880000, 0x0000000100000000)
  eden space 193024K, 0% used [0x00000000e0000000,0x00000000e0000000,0x00000000ebc80000)
  from space 20992K, 99% used [0x00000000ebc80000,0x00000000ed0fc520,0x00000000ed100000)
  to   space 26112K, 0% used [0x00000000eff00000,0x00000000eff00000,0x00000000f1880000)
 ParOldGen       total 91648K, used 34325K [0x00000000a0000000, 0x00000000a5980000, 0x00000000e0000000)
  object space 91648K, 37% used [0x00000000a0000000,0x00000000a21856a8,0x00000000a5980000)
 Metaspace       used 67327K, capacity 69622K, committed 69848K, reserved 1110016K
  class space    used 9156K, capacity 9649K, committed 9728K, reserved 1048576K
}
Event: 46.351 GC heap before
{Heap before GC invocations=19 (full 3):
 PSYoungGen      total 214016K, used 211006K [0x00000000e0000000, 0x00000000f1880000, 0x0000000100000000)
  eden space 193024K, 98% used [0x00000000e0000000,0x00000000eb993600,0x00000000ebc80000)
  from space 20992K, 99% used [0x00000000ebc80000,0x00000000ed0fc520,0x00000000ed100000)
  to   space 26112K, 0% used [0x00000000eff00000,0x00000000eff00000,0x00000000f1880000)
 ParOldGen       total 91648K, used 34325K [0x00000000a0000000, 0x00000000a5980000, 0x00000000e0000000)
  object space 91648K, 37% used [0x00000000a0000000,0x00000000a21856a8,0x00000000a5980000)
 Metaspace       used 76719K, capacity 79898K, committed 80088K, reserved 1118208K
  class space    used 10594K, capacity 11229K, committed 11264K, reserved 1048576K
Event: 46.438 GC heap after
Heap after GC invocations=19 (full 3):
 PSYoungGen      total 259584K, used 18440K [0x00000000e0000000, 0x00000000f1c80000, 0x0000000100000000)
  eden space 233472K, 0% used [0x00000000e0000000,0x00000000e0000000,0x00000000ee400000)
  from space 26112K, 70% used [0x00000000eff00000,0x00000000f11022e8,0x00000000f1880000)
  to   space 27648K, 0% used [0x00000000ee400000,0x00000000ee400000,0x00000000eff00000)
 ParOldGen       total 91648K, used 55097K [0x00000000a0000000, 0x00000000a5980000, 0x00000000e0000000)
  object space 91648K, 60% used [0x00000000a0000000,0x00000000a35ce508,0x00000000a5980000)
 Metaspace       used 76719K, capacity 79898K, committed 80088K, reserved 1118208K
  class space    used 10594K, capacity 11229K, committed 11264K, reserved 1048576K
}
Event: 111.564 GC heap before
{Heap before GC invocations=20 (full 3):
 PSYoungGen      total 259584K, used 251912K [0x00000000e0000000, 0x00000000f1c80000, 0x0000000100000000)
  eden space 233472K, 100% used [0x00000000e0000000,0x00000000ee400000,0x00000000ee400000)
  from space 26112K, 70% used [0x00000000eff00000,0x00000000f11022e8,0x00000000f1880000)
  to   space 27648K, 0% used [0x00000000ee400000,0x00000000ee400000,0x00000000eff00000)
 ParOldGen       total 91648K, used 55097K [0x00000000a0000000, 0x00000000a5980000, 0x00000000e0000000)
  object space 91648K, 60% used [0x00000000a0000000,0x00000000a35ce508,0x00000000a5980000)
 Metaspace       used 81551K, capacity 84960K, committed 85208K, reserved 1122304K
  class space    used 11012K, capacity 11696K, committed 11776K, reserved 1048576K
Event: 111.615 GC heap after
Heap after GC invocations=20 (full 3):
 PSYoungGen      total 261120K, used 17206K [0x00000000e0000000, 0x00000000f3700000, 0x0000000100000000)
  eden space 233472K, 0% used [0x00000000e0000000,0x00000000e0000000,0x00000000ee400000)
  from space 27648K, 62% used [0x00000000ee400000,0x00000000ef4cda80,0x00000000eff00000)
  to   space 28160K, 0% used [0x00000000f1b80000,0x00000000f1b80000,0x00000000f3700000)
 ParOldGen       total 91648K, used 55105K [0x00000000a0000000, 0x00000000a5980000, 0x00000000e0000000)
  object space 91648K, 60% used [0x00000000a0000000,0x00000000a35d0508,0x00000000a5980000)
 Metaspace       used 81551K, capacity 84960K, committed 85208K, reserved 1122304K
  class space    used 11012K, capacity 11696K, committed 11776K, reserved 1048576K
}
Event: 1754.230 GC heap before
{Heap before GC invocations=21 (full 3):
 PSYoungGen      total 261120K, used 250678K [0x00000000e0000000, 0x00000000f3700000, 0x0000000100000000)
  eden space 233472K, 100% used [0x00000000e0000000,0x00000000ee400000,0x00000000ee400000)
  from space 27648K, 62% used [0x00000000ee400000,0x00000000ef4cda80,0x00000000eff00000)
  to   space 28160K, 0% used [0x00000000f1b80000,0x00000000f1b80000,0x00000000f3700000)
 ParOldGen       total 91648K, used 55105K [0x00000000a0000000, 0x00000000a5980000, 0x00000000e0000000)
  object space 91648K, 60% used [0x00000000a0000000,0x00000000a35d0508,0x00000000a5980000)
 Metaspace       used 83570K, capacity 87072K, committed 87128K, reserved 1124352K
  class space    used 11145K, capacity 11856K, committed 11904K, reserved 1048576K
Event: 1754.608 GC heap after
Heap after GC invocations=21 (full 3):
 PSYoungGen      total 285184K, used 24458K [0x00000000e0000000, 0x00000000f3800000, 0x0000000100000000)
  eden space 257024K, 0% used [0x00000000e0000000,0x00000000e0000000,0x00000000efb00000)
  from space 28160K, 86% used [0x00000000f1b80000,0x00000000f3362918,0x00000000f3700000)
  to   space 31232K, 0% used [0x00000000efb00000,0x00000000efb00000,0x00000000f1980000)
 ParOldGen       total 91648K, used 55121K [0x00000000a0000000, 0x00000000a5980000, 0x00000000e0000000)
  object space 91648K, 60% used [0x00000000a0000000,0x00000000a35d4508,0x00000000a5980000)
 Metaspace       used 83570K, capacity 87072K, committed 87128K, reserved 1124352K
  class space    used 11145K, capacity 11856K, committed 11904K, reserved 1048576K
}
Event: 1802.327 GC heap before
{Heap before GC invocations=22 (full 3):
 PSYoungGen      total 285184K, used 281315K [0x00000000e0000000, 0x00000000f3800000, 0x0000000100000000)
  eden space 257024K, 99% used [0x00000000e0000000,0x00000000efad6508,0x00000000efb00000)
  from space 28160K, 86% used [0x00000000f1b80000,0x00000000f3362918,0x00000000f3700000)
  to   space 31232K, 0% used [0x00000000efb00000,0x00000000efb00000,0x00000000f1980000)
 ParOldGen       total 91648K, used 55121K [0x00000000a0000000, 0x00000000a5980000, 0x00000000e0000000)
  object space 91648K, 60% used [0x00000000a0000000,0x00000000a35d4508,0x00000000a5980000)
 Metaspace       used 89622K, capacity 93218K, committed 93528K, reserved 1130496K
  class space    used 11860K, capacity 12599K, committed 12672K, reserved 1048576K
Event: 1802.717 GC heap after
Heap after GC invocations=22 (full 3):
 PSYoungGen      total 288256K, used 31220K [0x00000000e0000000, 0x00000000f5a80000, 0x0000000100000000)
  eden space 257024K, 0% used [0x00000000e0000000,0x00000000e0000000,0x00000000efb00000)
  from space 31232K, 99% used [0x00000000efb00000,0x00000000f197d1c8,0x00000000f1980000)
  to   space 36864K, 0% used [0x00000000f3680000,0x00000000f3680000,0x00000000f5a80000)
 ParOldGen       total 91648K, used 56907K [0x00000000a0000000, 0x00000000a5980000, 0x00000000e0000000)
  object space 91648K, 62% used [0x00000000a0000000,0x00000000a3792ef8,0x00000000a5980000)
 Metaspace       used 89622K, capacity 93218K, committed 93528K, reserved 1130496K
  class space    used 11860K, capacity 12599K, committed 12672K, reserved 1048576K
}

