# JRE version: OpenJDK Runtime Environment (8.0_202-b03) (build 1.8.0_202-release-1483-b03)
# Java VM: OpenJDK 64-Bit Server VM (25.202-b03 mixed mode windows-amd64 compressed oops)
Heap:
 PSYoungGen      total 202752K, used 158656K [0x00000000e0000000, 0x00000000ee300000, 0x0000000100000000)
  eden space 189952K, 76% used [0x00000000e0000000,0x00000000e8e80b60,0x00000000eb980000)
  from space 12800K, 99% used [0x00000000ed680000,0x00000000ee2ef4e0,0x00000000ee300000)
  to   space 20480K, 0% used [0x00000000ebb00000,0x00000000ebb00000,0x00000000ecf00000)
 ParOldGen       total 94720K, used 30014K [0x00000000a0000000, 0x00000000a5c80000, 0x00000000e0000000)
  object space 94720K, 31% used [0x00000000a0000000,0x00000000a1d4fbc0,0x00000000a5c80000)
 Metaspace       used 67296K, capacity 69649K, committed 69848K, reserved 1110016K
  class space    used 9137K, capacity 9643K, committed 9728K, reserved 1048576K
GC Heap History (10 events):
Event: 9.680 GC heap before
{Heap before GC invocations=13 (full 2):
 PSYoungGen      total 126464K, used 123904K [0x00000000e0000000, 0x00000000ea600000, 0x0000000100000000)
  eden space 123904K, 100% used [0x00000000e0000000,0x00000000e7900000,0x00000000e7900000)
  from space 2560K, 0% used [0x00000000e8580000,0x00000000e8580000,0x00000000e8800000)
  to   space 12800K, 0% used [0x00000000e7900000,0x00000000e7900000,0x00000000e8580000)
 ParOldGen       total 62464K, used 15694K [0x00000000a0000000, 0x00000000a3d00000, 0x00000000e0000000)
  object space 62464K, 25% used [0x00000000a0000000,0x00000000a0f53af8,0x00000000a3d00000)
 Metaspace       used 46313K, capacity 47386K, committed 47488K, reserved 1089536K
  class space    used 6196K, capacity 6477K, committed 6528K, reserved 1048576K
Event: 9.703 GC heap after
Heap after GC invocations=13 (full 2):
 PSYoungGen      total 136704K, used 12784K [0x00000000e0000000, 0x00000000eb480000, 0x0000000100000000)
  eden space 123904K, 0% used [0x00000000e0000000,0x00000000e0000000,0x00000000e7900000)
  from space 12800K, 99% used [0x00000000e7900000,0x00000000e857c048,0x00000000e8580000)
  to   space 15872K, 0% used [0x00000000ea500000,0x00000000ea500000,0x00000000eb480000)
 ParOldGen       total 62464K, used 19117K [0x00000000a0000000, 0x00000000a3d00000, 0x00000000e0000000)
  object space 62464K, 30% used [0x00000000a0000000,0x00000000a12ab5a0,0x00000000a3d00000)
 Metaspace       used 46313K, capacity 47386K, committed 47488K, reserved 1089536K
  class space    used 6196K, capacity 6477K, committed 6528K, reserved 1048576K
}
Event: 12.273 GC heap before
{Heap before GC invocations=14 (full 2):
 PSYoungGen      total 136704K, used 136688K [0x00000000e0000000, 0x00000000eb480000, 0x0000000100000000)
  eden space 123904K, 100% used [0x00000000e0000000,0x00000000e7900000,0x00000000e7900000)
  from space 12800K, 99% used [0x00000000e7900000,0x00000000e857c048,0x00000000e8580000)
  to   space 15872K, 0% used [0x00000000ea500000,0x00000000ea500000,0x00000000eb480000)
 ParOldGen       total 62464K, used 19117K [0x00000000a0000000, 0x00000000a3d00000, 0x00000000e0000000)
  object space 62464K, 30% used [0x00000000a0000000,0x00000000a12ab5a0,0x00000000a3d00000)
 Metaspace       used 55875K, capacity 57438K, committed 57600K, reserved 1099776K
  class space    used 7512K, capacity 7929K, committed 7936K, reserved 1048576K
Event: 12.303 GC heap after
Heap after GC invocations=14 (full 2):
 PSYoungGen      total 164864K, used 15856K [0x00000000e0000000, 0x00000000ebb00000, 0x0000000100000000)
  eden space 148992K, 0% used [0x00000000e0000000,0x00000000e0000000,0x00000000e9180000)
  from space 15872K, 99% used [0x00000000ea500000,0x00000000eb47c278,0x00000000eb480000)
  to   space 19968K, 0% used [0x00000000e9180000,0x00000000e9180000,0x00000000ea500000)
 ParOldGen       total 62464K, used 24556K [0x00000000a0000000, 0x00000000a3d00000, 0x00000000e0000000)
  object space 62464K, 39% used [0x00000000a0000000,0x00000000a17fb0e0,0x00000000a3d00000)
 Metaspace       used 55875K, capacity 57438K, committed 57600K, reserved 1099776K
  class space    used 7512K, capacity 7929K, committed 7936K, reserved 1048576K
}
Event: 12.578 GC heap before
{Heap before GC invocations=15 (full 2):
 PSYoungGen      total 164864K, used 35791K [0x00000000e0000000, 0x00000000ebb00000, 0x0000000100000000)
  eden space 148992K, 13% used [0x00000000e0000000,0x00000000e1377ca0,0x00000000e9180000)
  from space 15872K, 99% used [0x00000000ea500000,0x00000000eb47c278,0x00000000eb480000)
  to   space 19968K, 0% used [0x00000000e9180000,0x00000000e9180000,0x00000000ea500000)
 ParOldGen       total 62464K, used 24556K [0x00000000a0000000, 0x00000000a3d00000, 0x00000000e0000000)
  object space 62464K, 39% used [0x00000000a0000000,0x00000000a17fb0e0,0x00000000a3d00000)
 Metaspace       used 57368K, capacity 59017K, committed 59096K, reserved 1099776K
  class space    used 7757K, capacity 8192K, committed 8192K, reserved 1048576K
Event: 12.606 GC heap after
Heap after GC invocations=15 (full 2):
 PSYoungGen      total 168960K, used 1707K [0x00000000e0000000, 0x00000000eea00000, 0x0000000100000000)
  eden space 148992K, 0% used [0x00000000e0000000,0x00000000e0000000,0x00000000e9180000)
  from space 19968K, 8% used [0x00000000e9180000,0x00000000e932ae20,0x00000000ea500000)
  to   space 19968K, 0% used [0x00000000ed680000,0x00000000ed680000,0x00000000eea00000)
 ParOldGen       total 62464K, used 38409K [0x00000000a0000000, 0x00000000a3d00000, 0x00000000e0000000)
  object space 62464K, 61% used [0x00000000a0000000,0x00000000a2582700,0x00000000a3d00000)
 Metaspace       used 57368K, capacity 59017K, committed 59096K, reserved 1099776K
  class space    used 7757K, capacity 8192K, committed 8192K, reserved 1048576K
}
Event: 12.606 GC heap before
{Heap before GC invocations=16 (full 3):
 PSYoungGen      total 168960K, used 1707K [0x00000000e0000000, 0x00000000eea00000, 0x0000000100000000)
  eden space 148992K, 0% used [0x00000000e0000000,0x00000000e0000000,0x00000000e9180000)
  from space 19968K, 8% used [0x00000000e9180000,0x00000000e932ae20,0x00000000ea500000)
  to   space 19968K, 0% used [0x00000000ed680000,0x00000000ed680000,0x00000000eea00000)
 ParOldGen       total 62464K, used 38409K [0x00000000a0000000, 0x00000000a3d00000, 0x00000000e0000000)
  object space 62464K, 61% used [0x00000000a0000000,0x00000000a2582700,0x00000000a3d00000)
 Metaspace       used 57368K, capacity 59017K, committed 59096K, reserved 1099776K
  class space    used 7757K, capacity 8192K, committed 8192K, reserved 1048576K
Event: 12.892 GC heap after
Heap after GC invocations=16 (full 3):
 PSYoungGen      total 168960K, used 0K [0x00000000e0000000, 0x00000000eea00000, 0x0000000100000000)
  eden space 148992K, 0% used [0x00000000e0000000,0x00000000e0000000,0x00000000e9180000)
  from space 19968K, 0% used [0x00000000e9180000,0x00000000e9180000,0x00000000ea500000)
  to   space 19968K, 0% used [0x00000000ed680000,0x00000000ed680000,0x00000000eea00000)
 ParOldGen       total 94720K, used 30006K [0x00000000a0000000, 0x00000000a5c80000, 0x00000000e0000000)
  object space 94720K, 31% used [0x00000000a0000000,0x00000000a1d4dbc0,0x00000000a5c80000)
 Metaspace       used 57368K, capacity 59017K, committed 59096K, reserved 1099776K
  class space    used 7757K, capacity 8192K, committed 8192K, reserved 1048576K
}
Event: 15.814 GC heap before
{Heap before GC invocations=17 (full 3):
 PSYoungGen      total 168960K, used 148992K [0x00000000e0000000, 0x00000000eea00000, 0x0000000100000000)
  eden space 148992K, 100% used [0x00000000e0000000,0x00000000e9180000,0x00000000e9180000)
  from space 19968K, 0% used [0x00000000e9180000,0x00000000e9180000,0x00000000ea500000)
  to   space 19968K, 0% used [0x00000000ed680000,0x00000000ed680000,0x00000000eea00000)
 ParOldGen       total 94720K, used 30006K [0x00000000a0000000, 0x00000000a5c80000, 0x00000000e0000000)
  object space 94720K, 31% used [0x00000000a0000000,0x00000000a1d4dbc0,0x00000000a5c80000)
 Metaspace       used 61734K, capacity 63673K, committed 63832K, reserved 1103872K
  class space    used 8323K, capacity 8777K, committed 8832K, reserved 1048576K
Event: 15.845 GC heap after
Heap after GC invocations=17 (full 3):
 PSYoungGen      total 202752K, used 12733K [0x00000000e0000000, 0x00000000ee300000, 0x0000000100000000)
  eden space 189952K, 0% used [0x00000000e0000000,0x00000000e0000000,0x00000000eb980000)
  from space 12800K, 99% used [0x00000000ed680000,0x00000000ee2ef4e0,0x00000000ee300000)
  to   space 20480K, 0% used [0x00000000ebb00000,0x00000000ebb00000,0x00000000ecf00000)
 ParOldGen       total 94720K, used 30014K [0x00000000a0000000, 0x00000000a5c80000, 0x00000000e0000000)
  object space 94720K, 31% used [0x00000000a0000000,0x00000000a1d4fbc0,0x00000000a5c80000)
 Metaspace       used 61734K, capacity 63673K, committed 63832K, reserved 1103872K
  class space    used 8323K, capacity 8777K, committed 8832K, reserved 1048576K
}

