# JRE version: OpenJDK Runtime Environment (8.0_202-b03) (build 1.8.0_202-release-1483-b03)
# Java VM: OpenJDK 64-Bit Server VM (25.202-b03 mixed mode windows-amd64 compressed oops)
Heap:
 PSYoungGen      total 256512K, used 59347K [0x00000000e0000000, 0x00000000f3600000, 0x0000000100000000)
  eden space 223744K, 14% used [0x00000000e0000000,0x00000000e204d6e0,0x00000000eda80000)
  from space 32768K, 80% used [0x00000000eda80000,0x00000000ef427838,0x00000000efa80000)
  to   space 35840K, 0% used [0x00000000f1300000,0x00000000f1300000,0x00000000f3600000)
 ParOldGen       total 88576K, used 66966K [0x00000000a0000000, 0x00000000a5680000, 0x00000000e0000000)
  object space 88576K, 75% used [0x00000000a0000000,0x00000000a4165900,0x00000000a5680000)
 Metaspace       used 82987K, capacity 86554K, committed 86808K, reserved 1124352K
  class space    used 10768K, capacity 11484K, committed 11544K, reserved 1048576K
GC Heap History (10 events):
Event: 11.892 GC heap before
{Heap before GC invocations=16 (full 3):
 PSYoungGen      total 177664K, used 9534K [0x00000000e0000000, 0x00000000ee680000, 0x0000000100000000)
  eden space 159744K, 0% used [0x00000000e0000000,0x00000000e0000000,0x00000000e9c00000)
  from space 17920K, 53% used [0x00000000e9c00000,0x00000000ea54fa28,0x00000000ead80000)
  to   space 17408K, 0% used [0x00000000ed580000,0x00000000ed580000,0x00000000ee680000)
 ParOldGen       total 57344K, used 27052K [0x00000000a0000000, 0x00000000a3800000, 0x00000000e0000000)
  object space 57344K, 47% used [0x00000000a0000000,0x00000000a1a6b068,0x00000000a3800000)
 Metaspace       used 57470K, capacity 59064K, committed 59160K, reserved 1099776K
  class space    used 7767K, capacity 8139K, committed 8216K, reserved 1048576K
Event: 12.282 GC heap after
Heap after GC invocations=16 (full 3):
 PSYoungGen      total 177664K, used 0K [0x00000000e0000000, 0x00000000ee680000, 0x0000000100000000)
  eden space 159744K, 0% used [0x00000000e0000000,0x00000000e0000000,0x00000000e9c00000)
  from space 17920K, 0% used [0x00000000e9c00000,0x00000000e9c00000,0x00000000ead80000)
  to   space 17408K, 0% used [0x00000000ed580000,0x00000000ed580000,0x00000000ee680000)
 ParOldGen       total 88576K, used 32102K [0x00000000a0000000, 0x00000000a5680000, 0x00000000e0000000)
  object space 88576K, 36% used [0x00000000a0000000,0x00000000a1f598c8,0x00000000a5680000)
 Metaspace       used 57466K, capacity 59052K, committed 59160K, reserved 1099776K
  class space    used 7766K, capacity 8137K, committed 8216K, reserved 1048576K
}
Event: 14.429 GC heap before
{Heap before GC invocations=17 (full 3):
 PSYoungGen      total 177664K, used 159744K [0x00000000e0000000, 0x00000000ee680000, 0x0000000100000000)
  eden space 159744K, 100% used [0x00000000e0000000,0x00000000e9c00000,0x00000000e9c00000)
  from space 17920K, 0% used [0x00000000e9c00000,0x00000000e9c00000,0x00000000ead80000)
  to   space 17408K, 0% used [0x00000000ed580000,0x00000000ed580000,0x00000000ee680000)
 ParOldGen       total 88576K, used 32102K [0x00000000a0000000, 0x00000000a5680000, 0x00000000e0000000)
  object space 88576K, 36% used [0x00000000a0000000,0x00000000a1f598c8,0x00000000a5680000)
 Metaspace       used 60354K, capacity 62402K, committed 62488K, reserved 1103872K
  class space    used 8217K, capacity 8688K, committed 8728K, reserved 1048576K
Event: 14.464 GC heap after
Heap after GC invocations=17 (full 3):
 PSYoungGen      total 209408K, used 16038K [0x00000000e0000000, 0x00000000ee580000, 0x0000000100000000)
  eden space 193024K, 0% used [0x00000000e0000000,0x00000000e0000000,0x00000000ebc80000)
  from space 16384K, 97% used [0x00000000ed580000,0x00000000ee529bd0,0x00000000ee580000)
  to   space 19456K, 0% used [0x00000000ebf80000,0x00000000ebf80000,0x00000000ed280000)
 ParOldGen       total 88576K, used 32110K [0x00000000a0000000, 0x00000000a5680000, 0x00000000e0000000)
  object space 88576K, 36% used [0x00000000a0000000,0x00000000a1f5b8c8,0x00000000a5680000)
 Metaspace       used 60354K, capacity 62402K, committed 62488K, reserved 1103872K
  class space    used 8217K, capacity 8688K, committed 8728K, reserved 1048576K
}
Event: 17.588 GC heap before
{Heap before GC invocations=18 (full 3):
 PSYoungGen      total 209408K, used 209062K [0x00000000e0000000, 0x00000000ee580000, 0x0000000100000000)
  eden space 193024K, 100% used [0x00000000e0000000,0x00000000ebc80000,0x00000000ebc80000)
  from space 16384K, 97% used [0x00000000ed580000,0x00000000ee529bd0,0x00000000ee580000)
  to   space 19456K, 0% used [0x00000000ebf80000,0x00000000ebf80000,0x00000000ed280000)
 ParOldGen       total 88576K, used 32110K [0x00000000a0000000, 0x00000000a5680000, 0x00000000e0000000)
  object space 88576K, 36% used [0x00000000a0000000,0x00000000a1f5b8c8,0x00000000a5680000)
 Metaspace       used 67313K, capacity 69668K, committed 69912K, reserved 1110016K
  class space    used 9164K, capacity 9670K, committed 9752K, reserved 1048576K
Event: 17.629 GC heap after
Heap after GC invocations=18 (full 3):
 PSYoungGen      total 215552K, used 19425K [0x00000000e0000000, 0x00000000f1480000, 0x0000000100000000)
  eden space 196096K, 0% used [0x00000000e0000000,0x00000000e0000000,0x00000000ebf80000)
  from space 19456K, 99% used [0x00000000ebf80000,0x00000000ed2784b0,0x00000000ed280000)
  to   space 26624K, 0% used [0x00000000efa80000,0x00000000efa80000,0x00000000f1480000)
 ParOldGen       total 88576K, used 42822K [0x00000000a0000000, 0x00000000a5680000, 0x00000000e0000000)
  object space 88576K, 48% used [0x00000000a0000000,0x00000000a29d1be0,0x00000000a5680000)
 Metaspace       used 67313K, capacity 69668K, committed 69912K, reserved 1110016K
  class space    used 9164K, capacity 9670K, committed 9752K, reserved 1048576K
}
Event: 27.551 GC heap before
{Heap before GC invocations=19 (full 3):
 PSYoungGen      total 215552K, used 215521K [0x00000000e0000000, 0x00000000f1480000, 0x0000000100000000)
  eden space 196096K, 100% used [0x00000000e0000000,0x00000000ebf80000,0x00000000ebf80000)
  from space 19456K, 99% used [0x00000000ebf80000,0x00000000ed2784b0,0x00000000ed280000)
  to   space 26624K, 0% used [0x00000000efa80000,0x00000000efa80000,0x00000000f1480000)
 ParOldGen       total 88576K, used 42822K [0x00000000a0000000, 0x00000000a5680000, 0x00000000e0000000)
  object space 88576K, 48% used [0x00000000a0000000,0x00000000a29d1be0,0x00000000a5680000)
 Metaspace       used 73658K, capacity 76780K, committed 76952K, reserved 1116160K
  class space    used 9769K, capacity 10391K, committed 10392K, reserved 1048576K
Event: 27.702 GC heap after
Heap after GC invocations=19 (full 3):
 PSYoungGen      total 250368K, used 26609K [0x00000000e0000000, 0x00000000f2200000, 0x0000000100000000)
  eden space 223744K, 0% used [0x00000000e0000000,0x00000000e0000000,0x00000000eda80000)
  from space 26624K, 99% used [0x00000000efa80000,0x00000000f147c4f0,0x00000000f1480000)
  to   space 32768K, 0% used [0x00000000eda80000,0x00000000eda80000,0x00000000efa80000)
 ParOldGen       total 88576K, used 49196K [0x00000000a0000000, 0x00000000a5680000, 0x00000000e0000000)
  object space 88576K, 55% used [0x00000000a0000000,0x00000000a300b360,0x00000000a5680000)
 Metaspace       used 73658K, capacity 76780K, committed 76952K, reserved 1116160K
  class space    used 9769K, capacity 10391K, committed 10392K, reserved 1048576K
}
Event: 2069.403 GC heap before
{Heap before GC invocations=20 (full 3):
 PSYoungGen      total 250368K, used 250353K [0x00000000e0000000, 0x00000000f2200000, 0x0000000100000000)
  eden space 223744K, 100% used [0x00000000e0000000,0x00000000eda80000,0x00000000eda80000)
  from space 26624K, 99% used [0x00000000efa80000,0x00000000f147c4f0,0x00000000f1480000)
  to   space 32768K, 0% used [0x00000000eda80000,0x00000000eda80000,0x00000000efa80000)
 ParOldGen       total 88576K, used 49196K [0x00000000a0000000, 0x00000000a5680000, 0x00000000e0000000)
  object space 88576K, 55% used [0x00000000a0000000,0x00000000a300b360,0x00000000a5680000)
 Metaspace       used 82913K, capacity 86484K, committed 86808K, reserved 1124352K
  class space    used 10766K, capacity 11483K, committed 11544K, reserved 1048576K
Event: 2069.792 GC heap after
Heap after GC invocations=20 (full 3):
 PSYoungGen      total 256512K, used 26270K [0x00000000e0000000, 0x00000000f3600000, 0x0000000100000000)
  eden space 223744K, 0% used [0x00000000e0000000,0x00000000e0000000,0x00000000eda80000)
  from space 32768K, 80% used [0x00000000eda80000,0x00000000ef427838,0x00000000efa80000)
  to   space 35840K, 0% used [0x00000000f1300000,0x00000000f1300000,0x00000000f3600000)
 ParOldGen       total 88576K, used 66966K [0x00000000a0000000, 0x00000000a5680000, 0x00000000e0000000)
  object space 88576K, 75% used [0x00000000a0000000,0x00000000a4165900,0x00000000a5680000)
 Metaspace       used 82913K, capacity 86484K, committed 86808K, reserved 1124352K
  class space    used 10766K, capacity 11483K, committed 11544K, reserved 1048576K
}

