# JRE version: OpenJDK Runtime Environment (8.0_202-b03) (build 1.8.0_202-release-1483-b03)
# Java VM: OpenJDK 64-Bit Server VM (25.202-b03 mixed mode windows-amd64 compressed oops)
Heap:
 PSYoungGen      total 252416K, used 206341K [0x00000000e0000000, 0x00000000f2380000, 0x0000000100000000)
  eden space 219648K, 79% used [0x00000000e0000000,0x00000000ea984d08,0x00000000ed680000)
  from space 32768K, 99% used [0x00000000efb80000,0x00000000f1b7ca48,0x00000000f1b80000)
  to   space 37888K, 0% used [0x00000000ed680000,0x00000000ed680000,0x00000000efb80000)
 ParOldGen       total 93696K, used 66008K [0x00000000a0000000, 0x00000000a5b80000, 0x00000000e0000000)
  object space 93696K, 70% used [0x00000000a0000000,0x00000000a4076230,0x00000000a5b80000)
 Metaspace       used 90594K, capacity 94700K, committed 95000K, reserved 1132544K
  class space    used 11906K, capacity 12737K, committed 12824K, reserved 1048576K
GC Heap History (10 events):
Event: 17.071 GC heap before
{Heap before GC invocations=17 (full 3):
 PSYoungGen      total 169472K, used 151040K [0x00000000e0000000, 0x00000000ed580000, 0x0000000100000000)
  eden space 151040K, 100% used [0x00000000e0000000,0x00000000e9380000,0x00000000e9380000)
  from space 18432K, 0% used [0x00000000e9380000,0x00000000e9380000,0x00000000ea580000)
  to   space 17920K, 0% used [0x00000000ec400000,0x00000000ec400000,0x00000000ed580000)
 ParOldGen       total 93696K, used 32390K [0x00000000a0000000, 0x00000000a5b80000, 0x00000000e0000000)
  object space 93696K, 34% used [0x00000000a0000000,0x00000000a1fa1950,0x00000000a5b80000)
 Metaspace       used 60722K, capacity 62644K, committed 62744K, reserved 1103872K
  class space    used 8256K, capacity 8723K, committed 8728K, reserved 1048576K
Event: 17.117 GC heap after
Heap after GC invocations=17 (full 3):
 PSYoungGen      total 194560K, used 13518K [0x00000000e0000000, 0x00000000ed380000, 0x0000000100000000)
  eden space 178688K, 0% used [0x00000000e0000000,0x00000000e0000000,0x00000000eae80000)
  from space 15872K, 85% used [0x00000000ec400000,0x00000000ed133950,0x00000000ed380000)
  to   space 18944K, 0% used [0x00000000eae80000,0x00000000eae80000,0x00000000ec100000)
 ParOldGen       total 93696K, used 32398K [0x00000000a0000000, 0x00000000a5b80000, 0x00000000e0000000)
  object space 93696K, 34% used [0x00000000a0000000,0x00000000a1fa3950,0x00000000a5b80000)
 Metaspace       used 60722K, capacity 62644K, committed 62744K, reserved 1103872K
  class space    used 8256K, capacity 8723K, committed 8728K, reserved 1048576K
}
Event: 20.638 GC heap before
{Heap before GC invocations=18 (full 3):
 PSYoungGen      total 194560K, used 192206K [0x00000000e0000000, 0x00000000ed380000, 0x0000000100000000)
  eden space 178688K, 100% used [0x00000000e0000000,0x00000000eae80000,0x00000000eae80000)
  from space 15872K, 85% used [0x00000000ec400000,0x00000000ed133950,0x00000000ed380000)
  to   space 18944K, 0% used [0x00000000eae80000,0x00000000eae80000,0x00000000ec100000)
 ParOldGen       total 93696K, used 32398K [0x00000000a0000000, 0x00000000a5b80000, 0x00000000e0000000)
  object space 93696K, 34% used [0x00000000a0000000,0x00000000a1fa3950,0x00000000a5b80000)
 Metaspace       used 66254K, capacity 68490K, committed 68760K, reserved 1107968K
  class space    used 9022K, capacity 9515K, committed 9624K, reserved 1048576K
Event: 20.678 GC heap after
Heap after GC invocations=18 (full 3):
 PSYoungGen      total 197632K, used 18935K [0x00000000e0000000, 0x00000000efb80000, 0x0000000100000000)
  eden space 178688K, 0% used [0x00000000e0000000,0x00000000e0000000,0x00000000eae80000)
  from space 18944K, 99% used [0x00000000eae80000,0x00000000ec0fdd70,0x00000000ec100000)
  to   space 24576K, 0% used [0x00000000ee380000,0x00000000ee380000,0x00000000efb80000)
 ParOldGen       total 93696K, used 40645K [0x00000000a0000000, 0x00000000a5b80000, 0x00000000e0000000)
  object space 93696K, 43% used [0x00000000a0000000,0x00000000a27b1730,0x00000000a5b80000)
 Metaspace       used 66254K, capacity 68490K, committed 68760K, reserved 1107968K
  class space    used 9022K, capacity 9515K, committed 9624K, reserved 1048576K
}
Event: 28.224 GC heap before
{Heap before GC invocations=19 (full 3):
 PSYoungGen      total 197632K, used 197623K [0x00000000e0000000, 0x00000000efb80000, 0x0000000100000000)
  eden space 178688K, 100% used [0x00000000e0000000,0x00000000eae80000,0x00000000eae80000)
  from space 18944K, 99% used [0x00000000eae80000,0x00000000ec0fdd70,0x00000000ec100000)
  to   space 24576K, 0% used [0x00000000ee380000,0x00000000ee380000,0x00000000efb80000)
 ParOldGen       total 93696K, used 40645K [0x00000000a0000000, 0x00000000a5b80000, 0x00000000e0000000)
  object space 93696K, 43% used [0x00000000a0000000,0x00000000a27b1730,0x00000000a5b80000)
 Metaspace       used 73074K, capacity 76148K, committed 76440K, reserved 1116160K
  class space    used 9703K, capacity 10323K, committed 10392K, reserved 1048576K
Event: 28.602 GC heap after
Heap after GC invocations=19 (full 3):
 PSYoungGen      total 226304K, used 24573K [0x00000000e0000000, 0x00000000f0f00000, 0x0000000100000000)
  eden space 201728K, 0% used [0x00000000e0000000,0x00000000e0000000,0x00000000ec500000)
  from space 24576K, 99% used [0x00000000ee380000,0x00000000efb7f450,0x00000000efb80000)
  to   space 31232K, 0% used [0x00000000ec500000,0x00000000ec500000,0x00000000ee380000)
 ParOldGen       total 93696K, used 47671K [0x00000000a0000000, 0x00000000a5b80000, 0x00000000e0000000)
  object space 93696K, 50% used [0x00000000a0000000,0x00000000a2e8dc80,0x00000000a5b80000)
 Metaspace       used 73074K, capacity 76148K, committed 76440K, reserved 1116160K
  class space    used 9703K, capacity 10323K, committed 10392K, reserved 1048576K
}
Event: 82.392 GC heap before
{Heap before GC invocations=20 (full 3):
 PSYoungGen      total 226304K, used 226301K [0x00000000e0000000, 0x00000000f0f00000, 0x0000000100000000)
  eden space 201728K, 100% used [0x00000000e0000000,0x00000000ec500000,0x00000000ec500000)
  from space 24576K, 99% used [0x00000000ee380000,0x00000000efb7f450,0x00000000efb80000)
  to   space 31232K, 0% used [0x00000000ec500000,0x00000000ec500000,0x00000000ee380000)
 ParOldGen       total 93696K, used 47671K [0x00000000a0000000, 0x00000000a5b80000, 0x00000000e0000000)
  object space 93696K, 50% used [0x00000000a0000000,0x00000000a2e8dc80,0x00000000a5b80000)
 Metaspace       used 74919K, capacity 78224K, committed 78488K, reserved 1118208K
  class space    used 9900K, capacity 10565K, committed 10648K, reserved 1048576K
Event: 82.486 GC heap after
Heap after GC invocations=20 (full 3):
 PSYoungGen      total 232960K, used 21730K [0x00000000e0000000, 0x00000000f1b80000, 0x0000000100000000)
  eden space 201728K, 0% used [0x00000000e0000000,0x00000000e0000000,0x00000000ec500000)
  from space 31232K, 69% used [0x00000000ec500000,0x00000000eda389d0,0x00000000ee380000)
  to   space 32768K, 0% used [0x00000000efb80000,0x00000000efb80000,0x00000000f1b80000)
 ParOldGen       total 93696K, used 65098K [0x00000000a0000000, 0x00000000a5b80000, 0x00000000e0000000)
  object space 93696K, 69% used [0x00000000a0000000,0x00000000a3f92b50,0x00000000a5b80000)
 Metaspace       used 74919K, capacity 78224K, committed 78488K, reserved 1118208K
  class space    used 9900K, capacity 10565K, committed 10648K, reserved 1048576K
}
Event: 88.388 GC heap before
{Heap before GC invocations=21 (full 3):
 PSYoungGen      total 232960K, used 223458K [0x00000000e0000000, 0x00000000f1b80000, 0x0000000100000000)
  eden space 201728K, 100% used [0x00000000e0000000,0x00000000ec500000,0x00000000ec500000)
  from space 31232K, 69% used [0x00000000ec500000,0x00000000eda389d0,0x00000000ee380000)
  to   space 32768K, 0% used [0x00000000efb80000,0x00000000efb80000,0x00000000f1b80000)
 ParOldGen       total 93696K, used 65098K [0x00000000a0000000, 0x00000000a5b80000, 0x00000000e0000000)
  object space 93696K, 69% used [0x00000000a0000000,0x00000000a3f92b50,0x00000000a5b80000)
 Metaspace       used 81403K, capacity 84766K, committed 85016K, reserved 1122304K
  class space    used 10600K, capacity 11286K, committed 11288K, reserved 1048576K
Event: 88.463 GC heap after
Heap after GC invocations=21 (full 3):
 PSYoungGen      total 252416K, used 32754K [0x00000000e0000000, 0x00000000f2380000, 0x0000000100000000)
  eden space 219648K, 0% used [0x00000000e0000000,0x00000000e0000000,0x00000000ed680000)
  from space 32768K, 99% used [0x00000000efb80000,0x00000000f1b7ca48,0x00000000f1b80000)
  to   space 37888K, 0% used [0x00000000ed680000,0x00000000ed680000,0x00000000efb80000)
 ParOldGen       total 93696K, used 66008K [0x00000000a0000000, 0x00000000a5b80000, 0x00000000e0000000)
  object space 93696K, 70% used [0x00000000a0000000,0x00000000a4076230,0x00000000a5b80000)
 Metaspace       used 81403K, capacity 84766K, committed 85016K, reserved 1122304K
  class space    used 10600K, capacity 11286K, committed 11288K, reserved 1048576K
}

