# JRE version: OpenJDK Runtime Environment (8.0_202-b03) (build 1.8.0_202-release-1483-b03)
# Java VM: OpenJDK 64-Bit Server VM (25.202-b03 mixed mode windows-amd64 compressed oops)
Heap:
 PSYoungGen      total 247296K, used 109752K [0x00000000e0000000, 0x00000000f0c00000, 0x0000000100000000)
  eden space 228864K, 39% used [0x00000000e0000000,0x00000000e592eeb8,0x00000000edf80000)
  from space 18432K, 99% used [0x00000000ee800000,0x00000000ef9ff4d0,0x00000000efa00000)
  to   space 14848K, 0% used [0x00000000efd80000,0x00000000efd80000,0x00000000f0c00000)
 ParOldGen       total 78848K, used 52621K [0x00000000a0000000, 0x00000000a4d00000, 0x00000000e0000000)
  object space 78848K, 66% used [0x00000000a0000000,0x00000000a33634c0,0x00000000a4d00000)
 Metaspace       used 70340K, capacity 72441K, committed 72792K, reserved 1112064K
  class space    used 9288K, capacity 9747K, committed 9856K, reserved 1048576K
GC Heap History (10 events):
Event: 11.377 GC heap before
{Heap before GC invocations=14 (full 2):
 PSYoungGen      total 143872K, used 143864K [0x00000000e0000000, 0x00000000ec480000, 0x0000000100000000)
  eden space 132096K, 100% used [0x00000000e0000000,0x00000000e8100000,0x00000000e8100000)
  from space 11776K, 99% used [0x00000000e8100000,0x00000000e8c7e3c0,0x00000000e8c80000)
  to   space 15360K, 0% used [0x00000000eb580000,0x00000000eb580000,0x00000000ec480000)
 ParOldGen       total 54784K, used 20850K [0x00000000a0000000, 0x00000000a3580000, 0x00000000e0000000)
  object space 54784K, 38% used [0x00000000a0000000,0x00000000a145caf8,0x00000000a3580000)
 Metaspace       used 57113K, capacity 58714K, committed 58880K, reserved 1099776K
  class space    used 7717K, capacity 8121K, committed 8192K, reserved 1048576K
Event: 11.405 GC heap after
Heap after GC invocations=14 (full 2):
 PSYoungGen      total 182784K, used 14238K [0x00000000e0000000, 0x00000000ec580000, 0x0000000100000000)
  eden space 167424K, 0% used [0x00000000e0000000,0x00000000e0000000,0x00000000ea380000)
  from space 15360K, 92% used [0x00000000eb580000,0x00000000ec367bd8,0x00000000ec480000)
  to   space 17408K, 0% used [0x00000000ea380000,0x00000000ea380000,0x00000000eb480000)
 ParOldGen       total 54784K, used 29251K [0x00000000a0000000, 0x00000000a3580000, 0x00000000e0000000)
  object space 54784K, 53% used [0x00000000a0000000,0x00000000a1c90c50,0x00000000a3580000)
 Metaspace       used 57113K, capacity 58714K, committed 58880K, reserved 1099776K
  class space    used 7717K, capacity 8121K, committed 8192K, reserved 1048576K
}
Event: 11.455 GC heap before
{Heap before GC invocations=15 (full 2):
 PSYoungGen      total 182784K, used 20705K [0x00000000e0000000, 0x00000000ec580000, 0x0000000100000000)
  eden space 167424K, 3% used [0x00000000e0000000,0x00000000e06508d0,0x00000000ea380000)
  from space 15360K, 92% used [0x00000000eb580000,0x00000000ec367bd8,0x00000000ec480000)
  to   space 17408K, 0% used [0x00000000ea380000,0x00000000ea380000,0x00000000eb480000)
 ParOldGen       total 54784K, used 29251K [0x00000000a0000000, 0x00000000a3580000, 0x00000000e0000000)
  object space 54784K, 53% used [0x00000000a0000000,0x00000000a1c90c50,0x00000000a3580000)
 Metaspace       used 57356K, capacity 59017K, committed 59096K, reserved 1099776K
  class space    used 7755K, capacity 8192K, committed 8192K, reserved 1048576K
Event: 11.472 GC heap after
Heap after GC invocations=15 (full 2):
 PSYoungGen      total 184832K, used 6120K [0x00000000e0000000, 0x00000000f0e00000, 0x0000000100000000)
  eden space 167424K, 0% used [0x00000000e0000000,0x00000000e0000000,0x00000000ea380000)
  from space 17408K, 35% used [0x00000000ea380000,0x00000000ea97a010,0x00000000eb480000)
  to   space 16896K, 0% used [0x00000000efd80000,0x00000000efd80000,0x00000000f0e00000)
 ParOldGen       total 54784K, used 29259K [0x00000000a0000000, 0x00000000a3580000, 0x00000000e0000000)
  object space 54784K, 53% used [0x00000000a0000000,0x00000000a1c92c50,0x00000000a3580000)
 Metaspace       used 57356K, capacity 59017K, committed 59096K, reserved 1099776K
  class space    used 7755K, capacity 8192K, committed 8192K, reserved 1048576K
}
Event: 11.472 GC heap before
{Heap before GC invocations=16 (full 3):
 PSYoungGen      total 184832K, used 6120K [0x00000000e0000000, 0x00000000f0e00000, 0x0000000100000000)
  eden space 167424K, 0% used [0x00000000e0000000,0x00000000e0000000,0x00000000ea380000)
  from space 17408K, 35% used [0x00000000ea380000,0x00000000ea97a010,0x00000000eb480000)
  to   space 16896K, 0% used [0x00000000efd80000,0x00000000efd80000,0x00000000f0e00000)
 ParOldGen       total 54784K, used 29259K [0x00000000a0000000, 0x00000000a3580000, 0x00000000e0000000)
  object space 54784K, 53% used [0x00000000a0000000,0x00000000a1c92c50,0x00000000a3580000)
 Metaspace       used 57356K, capacity 59017K, committed 59096K, reserved 1099776K
  class space    used 7755K, capacity 8192K, committed 8192K, reserved 1048576K
Event: 11.801 GC heap after
Heap after GC invocations=16 (full 3):
 PSYoungGen      total 184832K, used 0K [0x00000000e0000000, 0x00000000f0e00000, 0x0000000100000000)
  eden space 167424K, 0% used [0x00000000e0000000,0x00000000e0000000,0x00000000ea380000)
  from space 17408K, 0% used [0x00000000ea380000,0x00000000ea380000,0x00000000eb480000)
  to   space 16896K, 0% used [0x00000000efd80000,0x00000000efd80000,0x00000000f0e00000)
 ParOldGen       total 78848K, used 29022K [0x00000000a0000000, 0x00000000a4d00000, 0x00000000e0000000)
  object space 78848K, 36% used [0x00000000a0000000,0x00000000a1c57940,0x00000000a4d00000)
 Metaspace       used 57356K, capacity 59017K, committed 59096K, reserved 1099776K
  class space    used 7755K, capacity 8192K, committed 8192K, reserved 1048576K
}
Event: 15.019 GC heap before
{Heap before GC invocations=17 (full 3):
 PSYoungGen      total 184832K, used 167424K [0x00000000e0000000, 0x00000000f0e00000, 0x0000000100000000)
  eden space 167424K, 100% used [0x00000000e0000000,0x00000000ea380000,0x00000000ea380000)
  from space 17408K, 0% used [0x00000000ea380000,0x00000000ea380000,0x00000000eb480000)
  to   space 16896K, 0% used [0x00000000efd80000,0x00000000efd80000,0x00000000f0e00000)
 ParOldGen       total 78848K, used 29022K [0x00000000a0000000, 0x00000000a4d00000, 0x00000000e0000000)
  object space 78848K, 36% used [0x00000000a0000000,0x00000000a1c57940,0x00000000a4d00000)
 Metaspace       used 61815K, capacity 63745K, committed 63832K, reserved 1103872K
  class space    used 8338K, capacity 8829K, committed 8832K, reserved 1048576K
Event: 15.049 GC heap after
Heap after GC invocations=17 (full 3):
 PSYoungGen      total 243712K, used 14366K [0x00000000e0000000, 0x00000000f0c00000, 0x0000000100000000)
  eden space 228864K, 0% used [0x00000000e0000000,0x00000000e0000000,0x00000000edf80000)
  from space 14848K, 96% used [0x00000000efd80000,0x00000000f0b87a90,0x00000000f0c00000)
  to   space 18432K, 0% used [0x00000000ee800000,0x00000000ee800000,0x00000000efa00000)
 ParOldGen       total 78848K, used 29030K [0x00000000a0000000, 0x00000000a4d00000, 0x00000000e0000000)
  object space 78848K, 36% used [0x00000000a0000000,0x00000000a1c59940,0x00000000a4d00000)
 Metaspace       used 61815K, capacity 63745K, committed 63832K, reserved 1103872K
  class space    used 8338K, capacity 8829K, committed 8832K, reserved 1048576K
}
Event: 18.461 GC heap before
{Heap before GC invocations=18 (full 3):
 PSYoungGen      total 243712K, used 243230K [0x00000000e0000000, 0x00000000f0c00000, 0x0000000100000000)
  eden space 228864K, 100% used [0x00000000e0000000,0x00000000edf80000,0x00000000edf80000)
  from space 14848K, 96% used [0x00000000efd80000,0x00000000f0b87a90,0x00000000f0c00000)
  to   space 18432K, 0% used [0x00000000ee800000,0x00000000ee800000,0x00000000efa00000)
 ParOldGen       total 78848K, used 29030K [0x00000000a0000000, 0x00000000a4d00000, 0x00000000e0000000)
  object space 78848K, 36% used [0x00000000a0000000,0x00000000a1c59940,0x00000000a4d00000)
 Metaspace       used 69168K, capacity 71321K, committed 71384K, reserved 1112064K
  class space    used 9219K, capacity 9715K, committed 9728K, reserved 1048576K
Event: 18.531 GC heap after
Heap after GC invocations=18 (full 3):
 PSYoungGen      total 247296K, used 18429K [0x00000000e0000000, 0x00000000f0c00000, 0x0000000100000000)
  eden space 228864K, 0% used [0x00000000e0000000,0x00000000e0000000,0x00000000edf80000)
  from space 18432K, 99% used [0x00000000ee800000,0x00000000ef9ff4d0,0x00000000efa00000)
  to   space 14848K, 0% used [0x00000000efd80000,0x00000000efd80000,0x00000000f0c00000)
 ParOldGen       total 78848K, used 52621K [0x00000000a0000000, 0x00000000a4d00000, 0x00000000e0000000)
  object space 78848K, 66% used [0x00000000a0000000,0x00000000a33634c0,0x00000000a4d00000)
 Metaspace       used 69168K, capacity 71321K, committed 71384K, reserved 1112064K
  class space    used 9219K, capacity 9715K, committed 9728K, reserved 1048576K
}

